生成启动时间为 2018\3\21 星期三 14:02:10。
     1>项目“E:\LearnOpenCV\CH1\HelloOpenCV\HelloOpenCV\HelloOpenCV.vcxproj”在节点 2 上(build 个目标)。
     1>InitializeBuildStatus:
         正在创建“Release\HelloOpenCV.unsuccessfulbuild”，因为已指定“AlwaysCreate”。
       ClCompile:
         D:\VS2010\VC\bin\CL.exe /c /Zi /nologo /W3 /WX- /O2 /Oi /Oy- /GL /D WIN32 /D NDEBUG /D _CONSOLE /D _UNICODE /D UNICODE /Gm- /EHsc /MD /GS /Gy /fp:precise /Zc:wchar_t /Zc:forScope /Fo"Release\\" /Fd"Release\vc100.pdb" /Gd /TP /analyze- /errorReport:prompt main.cpp
         main.cpp
       Link:
         D:\VS2010\VC\bin\link.exe /ERRORREPORT:PROMPT /OUT:"E:\LearnOpenCV\CH1\HelloOpenCV\Release\HelloOpenCV.exe" /INCREMENTAL:NO /NOLOGO opencv_contrib249.lib opencv_core249.lib opencv_features2d249.lib opencv_flann249.lib opencv_gpu249.lib opencv_highgui249.lib opencv_imgproc249.lib opencv_legacy249.lib opencv_ml249.lib opencv_objdetect249.lib opencv_ts249.lib opencv_video249.lib kernel32.lib user32.lib gdi32.lib winspool.lib comdlg32.lib advapi32.lib shell32.lib ole32.lib oleaut32.lib uuid.lib odbc32.lib odbccp32.lib /MANIFEST /ManifestFile:"Release\HelloOpenCV.exe.intermediate.manifest" /MANIFESTUAC:"level='asInvoker' uiAccess='false'" /DEBUG /PDB:"E:\LearnOpenCV\CH1\HelloOpenCV\Release\HelloOpenCV.pdb" /SUBSYSTEM:CONSOLE /OPT:REF /OPT:ICF /LTCG /TLBID:1 /DYNAMICBASE /NXCOMPAT /IMPLIB:"E:\LearnOpenCV\CH1\HelloOpenCV\Release\HelloOpenCV.lib" /MACHINE:X86 Release\main.obj
         正在生成代码
         已完成代码的生成
         HelloOpenCV.vcxproj -> E:\LearnOpenCV\CH1\HelloOpenCV\Release\HelloOpenCV.exe
       Manifest:
         C:\Program Files (x86)\Microsoft SDKs\Windows\v7.0A\bin\mt.exe /nologo /verbose /outputresource:"E:\LearnOpenCV\CH1\HelloOpenCV\Release\HelloOpenCV.exe;#1" /manifest Release\HelloOpenCV.exe.intermediate.manifest
       FinalizeBuildStatus:
         正在删除文件“Release\HelloOpenCV.unsuccessfulbuild”。
         正在对“Release\HelloOpenCV.lastbuildstate”执行 Touch 任务。
     1>已完成生成项目“E:\LearnOpenCV\CH1\HelloOpenCV\HelloOpenCV\HelloOpenCV.vcxproj”(build 个目标)的操作。

生成成功。

已用时间 00:00:00.95
