E:\研一下\交通限速标志识别\1\GENERATETRAINIMAGES\DEBUG\GENERATETRAINIMAGES.EXE
E:\研一下\交通限速标志识别\1\GENERATETRAINIMAGES\DEBUG\GENERATETRAINIMAGES.ILK
E:\研一下\交通限速标志识别\1\GENERATETRAINIMAGES\DEBUG\GENERATETRAINIMAGES.PDB
E:\研一下\交通限速标志识别\1\generateTrainImages\generateTrainImages\Debug\cl.command.1.tlog
E:\研一下\交通限速标志识别\1\generateTrainImages\generateTrainImages\Debug\CL.read.1.tlog
E:\研一下\交通限速标志识别\1\generateTrainImages\generateTrainImages\Debug\CL.write.1.tlog
E:\研一下\交通限速标志识别\1\GENERATETRAINIMAGES\GENERATETRAINIMAGES\DEBUG\COLOR_CVT.OBJ
E:\研一下\交通限速标志识别\1\GENERATETRAINIMAGES\GENERATETRAINIMAGES\DEBUG\GENERATETRAINIMAGES.EXE.EMBED.MANIFEST
E:\研一下\交通限速标志识别\1\GENERATETRAINIMAGES\GENERATETRAINIMAGES\DEBUG\GENERATETRAINIMAGES.EXE.EMBED.MANIFEST.RES
E:\研一下\交通限速标志识别\1\GENERATETRAINIMAGES\GENERATETRAINIMAGES\DEBUG\GENERATETRAINIMAGES.EXE.INTERMEDIATE.MANIFEST
E:\研一下\交通限速标志识别\1\generateTrainImages\generateTrainImages\Debug\generateTrainImages_manifest.rc
E:\研一下\交通限速标志识别\1\generateTrainImages\generateTrainImages\Debug\link.6764.read.1.tlog
E:\研一下\交通限速标志识别\1\generateTrainImages\generateTrainImages\Debug\link.6764.write.1.tlog
E:\研一下\交通限速标志识别\1\generateTrainImages\generateTrainImages\Debug\link.6764-cvtres.read.1.tlog
E:\研一下\交通限速标志识别\1\generateTrainImages\generateTrainImages\Debug\link.6764-cvtres.write.1.tlog
E:\研一下\交通限速标志识别\1\generateTrainImages\generateTrainImages\Debug\link.command.1.tlog
E:\研一下\交通限速标志识别\1\generateTrainImages\generateTrainImages\Debug\link.read.1.tlog
E:\研一下\交通限速标志识别\1\generateTrainImages\generateTrainImages\Debug\link.write.1.tlog
E:\研一下\交通限速标志识别\1\generateTrainImages\generateTrainImages\Debug\link-cvtres.read.1.tlog
E:\研一下\交通限速标志识别\1\generateTrainImages\generateTrainImages\Debug\link-cvtres.write.1.tlog
E:\研一下\交通限速标志识别\1\GENERATETRAINIMAGES\GENERATETRAINIMAGES\DEBUG\MAIN.OBJ
E:\研一下\交通限速标志识别\1\generateTrainImages\generateTrainImages\Debug\mt.command.1.tlog
E:\研一下\交通限速标志识别\1\generateTrainImages\generateTrainImages\Debug\mt.read.1.tlog
E:\研一下\交通限速标志识别\1\generateTrainImages\generateTrainImages\Debug\mt.write.1.tlog
E:\研一下\交通限速标志识别\1\GENERATETRAINIMAGES\GENERATETRAINIMAGES\DEBUG\PRE_IMG.OBJ
E:\研一下\交通限速标志识别\1\generateTrainImages\generateTrainImages\Debug\rc.command.1.tlog
E:\研一下\交通限速标志识别\1\generateTrainImages\generateTrainImages\Debug\rc.read.1.tlog
E:\研一下\交通限速标志识别\1\generateTrainImages\generateTrainImages\Debug\rc.write.1.tlog
E:\研一下\交通限速标志识别\1\generateTrainImages\generateTrainImages\Debug\vc100.idb
E:\研一下\交通限速标志识别\1\GENERATETRAINIMAGES\GENERATETRAINIMAGES\DEBUG\VC100.PDB
