生成启动时间为 2018\5\17 星期四 20:05:22。
     1>项目“G:\TSR\1\generateColorTrainImages\generateColorTrainImages\generateColorTrainImages.vcxproj”在节点 2 上(rebuild 个目标)。
     1>_PrepareForClean:
         正在删除文件“Release\generateColorTrainImages.lastbuildstate”。
       InitializeBuildStatus:
         正在对“Release\generateColorTrainImages.unsuccessfulbuild”执行 Touch 任务。
       ClCompile:
         D:\VS2010\VC\bin\CL.exe /c /Zi /nologo /W3 /WX- /O2 /Oi /Oy- /GL /D WIN32 /D NDEBUG /D _CONSOLE /D DLIB_JPEG_SUPPORT /D DLIB_PNG_SUPPORT /D DLIB_HAVE_AVX /D _UNICODE /D UNICODE /Gm- /EHsc /MD /GS /Gy /fp:precise /Zc:wchar_t /Zc:forScope /Fo"Release\\" /Fd"Release\vc100.pdb" /Gd /TP /analyze- /errorReport:prompt color_cvt.cpp main.cpp pre_img.cpp
         color_cvt.cpp
     1>color_cvt.cpp(8): warning C4018: “<”: 有符号/无符号不匹配
     1>color_cvt.cpp(10): warning C4018: “<”: 有符号/无符号不匹配
     1>color_cvt.cpp(39): warning C4018: “<”: 有符号/无符号不匹配
     1>color_cvt.cpp(41): warning C4018: “<”: 有符号/无符号不匹配
         main.cpp
     1>main.cpp(82): warning C4018: “<”: 有符号/无符号不匹配
     1>main.cpp(91): warning C4018: “<”: 有符号/无符号不匹配
     1>main.cpp(118): warning C4244: “初始化”: 从“double”转换到“float”，可能丢失数据
     1>main.cpp(28): warning C4101: “px”: 未引用的局部变量
     1>main.cpp(28): warning C4101: “py”: 未引用的局部变量
         pre_img.cpp
       Link:
         D:\VS2010\VC\bin\link.exe /ERRORREPORT:PROMPT /OUT:"G:\TSR\1\generateColorTrainImages\Release\generateColorTrainImages.exe" /INCREMENTAL:NO /NOLOGO dlib_release_32bit_msvc1900.lib opencv_objdetect249.lib opencv_ts249.lib opencv_video249.lib opencv_nonfree249.lib opencv_ocl249.lib opencv_photo249.lib opencv_stitching249.lib opencv_superres249.lib opencv_videostab249.lib opencv_calib3d249.lib opencv_contrib249.lib opencv_core249.lib opencv_features2d249.lib opencv_flann249.lib opencv_gpu249.lib opencv_highgui249.lib opencv_imgproc249.lib opencv_legacy249.lib opencv_ml249.lib kernel32.lib user32.lib gdi32.lib winspool.lib comdlg32.lib advapi32.lib shell32.lib ole32.lib oleaut32.lib uuid.lib odbc32.lib odbccp32.lib /MANIFEST /ManifestFile:"Release\generateColorTrainImages.exe.intermediate.manifest" /MANIFESTUAC:"level='asInvoker' uiAccess='false'" /DEBUG /PDB:"G:\TSR\1\generateColorTrainImages\Release\generateColorTrainImages.pdb" /SUBSYSTEM:CONSOLE /OPT:REF /OPT:ICF /LTCG /TLBID:1 /DYNAMICBASE /NXCOMPAT /IMPLIB:"G:\TSR\1\generateColorTrainImages\Release\generateColorTrainImages.lib" /MACHINE:X86 Release\color_cvt.obj
         Release\main.obj
         Release\pre_img.obj
         正在生成代码
         已完成代码的生成
         generateColorTrainImages.vcxproj -> G:\TSR\1\generateColorTrainImages\Release\generateColorTrainImages.exe
       Manifest:
         C:\Program Files (x86)\Microsoft SDKs\Windows\v7.0A\bin\mt.exe /nologo /verbose /outputresource:"G:\TSR\1\generateColorTrainImages\Release\generateColorTrainImages.exe;#1" /manifest Release\generateColorTrainImages.exe.intermediate.manifest
       FinalizeBuildStatus:
         正在删除文件“Release\generateColorTrainImages.unsuccessfulbuild”。
         正在对“Release\generateColorTrainImages.lastbuildstate”执行 Touch 任务。
     1>已完成生成项目“G:\TSR\1\generateColorTrainImages\generateColorTrainImages\generateColorTrainImages.vcxproj”(rebuild 个目标)的操作。

生成成功。

已用时间 00:00:02.13
